#
# There is insufficient memory for the Java Runtime Environment to continue.
# Native memory allocation (malloc) failed to allocate 1048576 bytes for AllocateHeap
# Possible reasons:
#   The system is out of physical RAM or swap space
#   In 32 bit mode, the process size limit was hit
# Possible solutions:
#   Reduce memory load on the system
#   Increase physical memory or swap space
#   Check if swap backing store is full
#   Use 64 bit Java on a 64 bit OS
#   Decrease Java heap size (-Xmx/-Xms)
#   Decrease number of Java threads
#   Decrease Java thread stack sizes (-Xss)
#   Set larger code cache with -XX:ReservedCodeCacheSize=
# This output file may be truncated or incomplete.
#
#  Out of Memory Error (memory/allocation.inline.hpp:61), pid=23560, tid=20108
#
# JRE version:  (8.0_65-b17) (build )
# Java VM: Java HotSpot(TM) 64-Bit Server VM (25.65-b01 mixed mode windows-amd64 compressed oops)
# Failed to write core dump. Minidumps are not enabled by default on client versions of Windows
#

---------------  T H R E A D  ---------------

Current thread (0x0000000002080800):  JavaThread "Unknown thread" [_thread_in_vm, id=20108, stack(0x0000000000a80000,0x0000000000b80000)]

Stack: [0x0000000000a80000,0x0000000000b80000]
[error occurred during error reporting (printing stack bounds), id 0xc0000005]

Native frames: (J=compiled Java code, j=interpreted, Vv=VM code, C=native code)


---------------  P R O C E S S  ---------------

Java Threads: ( => current thread )

Other Threads:

=>0x0000000002080800 (exited) JavaThread "Unknown thread" [_thread_in_vm, id=20108, stack(0x0000000000a80000,0x0000000000b80000)]

VM state:not at safepoint (normal execution)

VM Mutex/Monitor currently owned by a thread: None

Heap:
 PSYoungGen      total 57344K, used 983K [0x0000000780600000, 0x0000000784600000, 0x00000007c0000000)
  eden space 49152K, 2% used [0x0000000780600000,0x00000007806f5c38,0x0000000783600000)
  from space 8192K, 0% used [0x0000000783e00000,0x0000000783e00000,0x0000000784600000)
  to   space 8192K, 0% used [0x0000000783600000,0x0000000783600000,0x0000000783e00000)
 ParOldGen       total 131072K, used 0K [0x0000000701200000, 0x0000000709200000, 0x0000000780600000)
  object space 131072K, 0% used [0x0000000701200000,0x0000000701200000,0x0000000709200000)
 Metaspace       used 767K, capacity 4480K, committed 4480K, reserved 1056768K
  class space    used 75K, capacity 384K, committed 384K, reserved 1048576K

Card table byte_map: [0x0000000011540000,0x0000000011b40000] byte_map_base: 0x000000000dd37000

Marking Bits: (ParMarkBitMap*) 0x0000000074d1a5b0
 Begin Bits: [0x0000000012340000, 0x00000000152f8000)
 End Bits:   [0x00000000152f8000, 0x00000000182b0000)

Polling page: 0x0000000000840000

CodeCache: size=245760Kb used=328Kb max_used=328Kb free=245431Kb
 bounds [0x0000000002180000, 0x00000000023f0000, 0x0000000011180000]
 total_blobs=57 nmethods=0 adapters=37
 compilation: enabled

Compilation events (0 events):
No events

GC Heap History (0 events):
No events

Deoptimization events (0 events):
No events

Internal exceptions (0 events):
No events

Events (10 events):
Event: 0.028 loading class java/lang/Short
Event: 0.028 loading class java/lang/Short done
Event: 0.028 loading class java/lang/Integer
Event: 0.028 loading class java/lang/Integer done
Event: 0.028 loading class java/lang/Long
Event: 0.028 loading class java/lang/Long done
Event: 0.029 loading class java/lang/NullPointerException
Event: 0.029 loading class java/lang/NullPointerException done
Event: 0.029 loading class java/lang/ArithmeticException
Event: 0.029 loading class java/lang/ArithmeticException done


Dynamic libraries:
0x00007ff7e8740000 - 0x00007ff7e8777000 	C:\Program Files\Java\jdk1.8.0_65\bin\javaw.exe
0x00007ffc47560000 - 0x00007ffc47721000 	C:\WINDOWS\SYSTEM32\ntdll.dll
0x00007ffc452e0000 - 0x00007ffc4538d000 	C:\WINDOWS\system32\KERNEL32.DLL
0x00007ffc44650000 - 0x00007ffc44838000 	C:\WINDOWS\system32\KERNELBASE.dll
0x0000000075740000 - 0x00000000757f1000 	C:\Program Files\Bitdefender\Bitdefender 2016\Active Virus Control\Avc3_00357_013\avcuf64.dll
0x00007ffc45220000 - 0x00007ffc452c7000 	C:\WINDOWS\system32\ADVAPI32.dll
0x00007ffc472f0000 - 0x00007ffc4738d000 	C:\WINDOWS\system32\msvcrt.dll
0x00007ffc45bd0000 - 0x00007ffc45c2b000 	C:\WINDOWS\system32\sechost.dll
0x00007ffc473e0000 - 0x00007ffc474fc000 	C:\WINDOWS\system32\RPCRT4.dll
0x00007ffc44c20000 - 0x00007ffc44d76000 	C:\WINDOWS\system32\USER32.dll
0x00007ffc45610000 - 0x00007ffc45796000 	C:\WINDOWS\system32\GDI32.dll
0x00007ffc38380000 - 0x00007ffc385f4000 	C:\WINDOWS\WinSxS\amd64_microsoft.windows.common-controls_6595b64144ccf1df_6.0.10586.0_none_8c15ae12515e1c22\COMCTL32.dll
0x00007ffc45390000 - 0x00007ffc4560d000 	C:\WINDOWS\system32\combase.dll
0x00007ffc448f0000 - 0x00007ffc4495a000 	C:\WINDOWS\system32\bcryptPrimitives.dll
0x00007ffc47390000 - 0x00007ffc473cb000 	C:\WINDOWS\system32\IMM32.DLL
0x0000000074320000 - 0x00000000743f2000 	C:\Program Files\Java\jdk1.8.0_65\jre\bin\msvcr100.dll
0x0000000074510000 - 0x0000000074d99000 	C:\Program Files\Java\jdk1.8.0_65\jre\bin\server\jvm.dll
0x00007ffc44b30000 - 0x00007ffc44b38000 	C:\WINDOWS\system32\PSAPI.DLL
0x00007ffc33250000 - 0x00007ffc33259000 	C:\WINDOWS\SYSTEM32\WSOCK32.dll
0x00007ffc44b40000 - 0x00007ffc44bab000 	C:\WINDOWS\system32\WS2_32.dll
0x00007ffc41dd0000 - 0x00007ffc41df3000 	C:\WINDOWS\SYSTEM32\WINMM.dll
0x00007ffc412b0000 - 0x00007ffc412ba000 	C:\WINDOWS\SYSTEM32\VERSION.dll
0x00007ffc41d20000 - 0x00007ffc41d4c000 	C:\WINDOWS\SYSTEM32\WINMMBASE.dll
0x00007ffc44600000 - 0x00007ffc44643000 	C:\WINDOWS\system32\cfgmgr32.dll
0x0000000074500000 - 0x000000007450f000 	C:\Program Files\Java\jdk1.8.0_65\jre\bin\verify.dll
0x00000000744d0000 - 0x00000000744f9000 	C:\Program Files\Java\jdk1.8.0_65\jre\bin\java.dll
0x0000000074480000 - 0x0000000074496000 	C:\Program Files\Java\jdk1.8.0_65\jre\bin\zip.dll

VM Arguments:
jvm_args: -Dfile.encoding=Cp1252 
java_command: coffeemaker.Main
java_class_path (initial): C:\Users\Tara\workspace\CofeeMaker\bin;C:\Users\Tara\.p2\pool\plugins\org.aspectj.runtime_1.8.6.20150608154244.jar
Launcher Type: SUN_STANDARD

Environment Variables:
JAVA_HOME=C:\Program Files\Java\jdk1.8.0_65
PATH=C:/Program Files/Java/jdk1.8.0_65/bin/../jre/bin/server;C:/Program Files/Java/jdk1.8.0_65/bin/../jre/bin;C:/Program Files/Java/jdk1.8.0_65/bin/../jre/lib/amd64;C:\Program Files\Java\jdk1.8.0_65\bin;C:\ProgramData\Oracle\Java\javapath;C:\Program Files (x86)\Intel\iCLS Client\;C:\Program Files\Intel\iCLS Client\;C:\WINDOWS\system32;C:\WINDOWS;C:\WINDOWS\System32\Wbem;C:\WINDOWS\System32\WindowsPowerShell\v1.0\;C:\Program Files\Hewlett-Packard\SimplePass\;C:\Program Files\Intel\Intel(R) Management Engine Components\DAL;C:\Program Files (x86)\Intel\Intel(R) Management Engine Components\DAL;C:\Program Files\Intel\Intel(R) Management Engine Components\IPT;C:\Program Files (x86)\Intel\Intel(R) Management Engine Components\IPT;C:\Program Files\Intel\WiFi\bin\;C:\Program Files\Common Files\Intel\WirelessCommon\;C:\Program Files\jEdit;C:\Program Files\TortoiseSVN\bin;C:\Program Files (x86)\Skype\Phone\;C:\Program Files\Mercurial;C:\Users\Tara\Desktop;
USERNAME=Tara
OS=Windows_NT
PROCESSOR_IDENTIFIER=Intel64 Family 6 Model 61 Stepping 4, GenuineIntel



---------------  S Y S T E M  ---------------

OS: Windows 10.0 , 64 bit Build 10586 (10.0.10586.0)

CPU:total 4 (2 cores per cpu, 2 threads per core) family 6 model 61 stepping 4, cmov, cx8, fxsr, mmx, sse, sse2, sse3, ssse3, sse4.1, sse4.2, popcnt, avx, avx2, aes, clmul, erms, 3dnowpref, lzcnt, ht, tsc, tscinvbit, bmi1, bmi2, adx

Memory: 4k page, physical 12503312k(6248736k free), swap 50252048k(6012k free)

vm_info: Java HotSpot(TM) 64-Bit Server VM (25.65-b01) for windows-amd64 JRE (1.8.0_65-b17), built on Oct  6 2015 16:39:20 by "java_re" with MS VC++ 10.0 (VS2010)

time: Mon May 02 19:59:05 2016
elapsed time: 0 seconds (0d 0h 0m 0s)

